problem_id = 0 with stochatstic=False and noisy=Falsefinished training in 15:46:31 2020-12-03
problem_id = 0 with stochatstic=False and noisy=Truefinished training in 15:46:33 2020-12-03
problem_id = 0 with stochatstic=True and noisy=Falsefinished training in 15:46:35 2020-12-03
problem_id = 0 with stochatstic=True and noisy=Truefinished training in 15:46:37 2020-12-03
problem_id = 1 with stochatstic=False and noisy=Falsefinished training in 15:46:39 2020-12-03
problem_id = 1 with stochatstic=False and noisy=Truefinished training in 15:46:41 2020-12-03
problem_id = 1 with stochatstic=True and noisy=Falsefinished training in 15:46:43 2020-12-03
problem_id = 1 with stochatstic=True and noisy=Truefinished training in 15:46:46 2020-12-03
problem_id = 2 with stochatstic=False and noisy=Falsefinished training in 15:46:48 2020-12-03
problem_id = 2 with stochatstic=False and noisy=Truefinished training in 15:46:50 2020-12-03
problem_id = 2 with stochatstic=True and noisy=Falsefinished training in 15:46:52 2020-12-03
problem_id = 2 with stochatstic=True and noisy=Truefinished training in 15:46:54 2020-12-03
problem_id = 3 with stochatstic=False and noisy=Falsefinished training in 15:46:56 2020-12-03
problem_id = 3 with stochatstic=False and noisy=Truefinished training in 15:46:58 2020-12-03
problem_id = 3 with stochatstic=True and noisy=Falsefinished training in 15:47:00 2020-12-03
problem_id = 3 with stochatstic=True and noisy=Truefinished training in 15:47:02 2020-12-03
problem_id = 4 with stochatstic=False and noisy=Falsefinished training in 15:47:05 2020-12-03
problem_id = 4 with stochatstic=False and noisy=Truefinished training in 15:47:07 2020-12-03
problem_id = 4 with stochatstic=True and noisy=Falsefinished training in 15:47:09 2020-12-03
problem_id = 4 with stochatstic=True and noisy=Truefinished training in 15:47:11 2020-12-03
problem_id = 5 with stochatstic=False and noisy=Falsefinished training in 15:47:13 2020-12-03
problem_id = 5 with stochatstic=False and noisy=Truefinished training in 15:47:15 2020-12-03
problem_id = 5 with stochatstic=True and noisy=Falsefinished training in 15:47:17 2020-12-03
problem_id = 5 with stochatstic=True and noisy=Truefinished training in 15:47:19 2020-12-03
problem_id = 6 with stochatstic=False and noisy=Falsefinished training in 15:47:21 2020-12-03
problem_id = 6 with stochatstic=False and noisy=Truefinished training in 15:47:23 2020-12-03
problem_id = 6 with stochatstic=True and noisy=Falsefinished training in 15:47:25 2020-12-03
problem_id = 6 with stochatstic=True and noisy=Truefinished training in 15:47:27 2020-12-03
problem_id = 7 with stochatstic=False and noisy=Falsefinished training in 15:47:29 2020-12-03
problem_id = 7 with stochatstic=False and noisy=Truefinished training in 15:47:32 2020-12-03
problem_id = 7 with stochatstic=True and noisy=Falsefinished training in 15:47:34 2020-12-03
problem_id = 7 with stochatstic=True and noisy=Truefinished training in 15:47:36 2020-12-03
problem_id = 8 with stochatstic=False and noisy=Falsefinished training in 15:47:38 2020-12-03
problem_id = 8 with stochatstic=False and noisy=Truefinished training in 15:47:40 2020-12-03
problem_id = 8 with stochatstic=True and noisy=Falsefinished training in 15:47:42 2020-12-03
problem_id = 8 with stochatstic=True and noisy=Truefinished training in 15:47:44 2020-12-03
problem_id = 9 with stochatstic=False and noisy=Falsefinished training in 15:47:46 2020-12-03
problem_id = 9 with stochatstic=False and noisy=Truefinished training in 15:47:48 2020-12-03
problem_id = 9 with stochatstic=True and noisy=Falsefinished training in 15:47:50 2020-12-03
problem_id = 9 with stochatstic=True and noisy=Truefinished training in 15:47:52 2020-12-03
problem_id = 0 with stochatstic=False and noisy=Falsefinished training in 15:55:50 2020-12-03
problem_id = 0 with stochatstic=False and noisy=Truefinished training in 15:55:51 2020-12-03
problem_id = 0 with stochatstic=True and noisy=Falsefinished training in 15:55:52 2020-12-03
problem_id = 0 with stochatstic=True and noisy=Truefinished training in 15:55:53 2020-12-03
problem_id = 1 with stochatstic=False and noisy=Falsefinished training in 15:55:54 2020-12-03
problem_id = 1 with stochatstic=False and noisy=Truefinished training in 15:55:55 2020-12-03
problem_id = 1 with stochatstic=True and noisy=Falsefinished training in 15:55:56 2020-12-03
problem_id = 1 with stochatstic=True and noisy=Truefinished training in 15:55:58 2020-12-03
problem_id = 2 with stochatstic=False and noisy=Falsefinished training in 15:55:59 2020-12-03
problem_id = 2 with stochatstic=False and noisy=Truefinished training in 15:56:00 2020-12-03
problem_id = 2 with stochatstic=True and noisy=Falsefinished training in 15:56:01 2020-12-03
problem_id = 2 with stochatstic=True and noisy=Truefinished training in 15:56:02 2020-12-03
problem_id = 3 with stochatstic=False and noisy=Falsefinished training in 15:56:03 2020-12-03
problem_id = 3 with stochatstic=False and noisy=Truefinished training in 15:56:04 2020-12-03
problem_id = 3 with stochatstic=True and noisy=Falsefinished training in 15:56:05 2020-12-03
problem_id = 3 with stochatstic=True and noisy=Truefinished training in 15:56:06 2020-12-03
problem_id = 4 with stochatstic=False and noisy=Falsefinished training in 15:56:07 2020-12-03
problem_id = 4 with stochatstic=False and noisy=Truefinished training in 15:56:08 2020-12-03
problem_id = 4 with stochatstic=True and noisy=Falsefinished training in 15:56:09 2020-12-03
problem_id = 4 with stochatstic=True and noisy=Truefinished training in 15:56:10 2020-12-03
problem_id = 5 with stochatstic=False and noisy=Falsefinished training in 15:56:11 2020-12-03
problem_id = 5 with stochatstic=False and noisy=Truefinished training in 15:56:12 2020-12-03
problem_id = 5 with stochatstic=True and noisy=Falsefinished training in 15:56:13 2020-12-03
problem_id = 5 with stochatstic=True and noisy=Truefinished training in 15:56:14 2020-12-03
problem_id = 6 with stochatstic=False and noisy=Falsefinished training in 15:56:15 2020-12-03
problem_id = 6 with stochatstic=False and noisy=Truefinished training in 15:56:16 2020-12-03
problem_id = 6 with stochatstic=True and noisy=Falsefinished training in 15:56:17 2020-12-03
problem_id = 6 with stochatstic=True and noisy=Truefinished training in 15:56:19 2020-12-03
problem_id = 7 with stochatstic=False and noisy=Falsefinished training in 15:56:20 2020-12-03
problem_id = 7 with stochatstic=False and noisy=Truefinished training in 15:56:21 2020-12-03
problem_id = 7 with stochatstic=True and noisy=Falsefinished training in 15:56:22 2020-12-03
problem_id = 7 with stochatstic=True and noisy=Truefinished training in 15:56:23 2020-12-03
problem_id = 8 with stochatstic=False and noisy=Falsefinished training in 15:56:24 2020-12-03
problem_id = 8 with stochatstic=False and noisy=Truefinished training in 15:56:25 2020-12-03
problem_id = 8 with stochatstic=True and noisy=Falsefinished training in 15:56:26 2020-12-03
problem_id = 8 with stochatstic=True and noisy=Truefinished training in 15:56:27 2020-12-03
problem_id = 9 with stochatstic=False and noisy=Falsefinished training in 15:56:28 2020-12-03
problem_id = 9 with stochatstic=False and noisy=Truefinished training in 15:56:29 2020-12-03
problem_id = 9 with stochatstic=True and noisy=Falsefinished training in 15:56:30 2020-12-03
problem_id = 9 with stochatstic=True and noisy=Truefinished training in 15:56:31 2020-12-03
problem_id = 0 with stochatstic=False and noisy=False finished training in 15:57:53 2020-12-03
problem_id = 0 with stochatstic=False and noisy=True finished training in 15:57:54 2020-12-03
problem_id = 0 with stochatstic=True and noisy=False finished training in 15:57:55 2020-12-03
problem_id = 0 with stochatstic=True and noisy=True finished training in 15:57:56 2020-12-03
problem_id = 1 with stochatstic=False and noisy=False finished training in 15:57:57 2020-12-03
problem_id = 1 with stochatstic=False and noisy=True finished training in 15:57:58 2020-12-03
problem_id = 1 with stochatstic=True and noisy=False finished training in 15:57:59 2020-12-03
problem_id = 1 with stochatstic=True and noisy=True finished training in 15:58:00 2020-12-03
problem_id = 2 with stochatstic=False and noisy=False finished training in 15:58:01 2020-12-03
problem_id = 2 with stochatstic=False and noisy=True finished training in 15:58:03 2020-12-03
problem_id = 2 with stochatstic=True and noisy=False finished training in 15:58:04 2020-12-03
problem_id = 2 with stochatstic=True and noisy=True finished training in 15:58:05 2020-12-03
problem_id = 3 with stochatstic=False and noisy=False finished training in 15:58:06 2020-12-03
problem_id = 3 with stochatstic=False and noisy=True finished training in 15:58:07 2020-12-03
problem_id = 3 with stochatstic=True and noisy=False finished training in 15:58:08 2020-12-03
problem_id = 3 with stochatstic=True and noisy=True finished training in 15:58:09 2020-12-03
problem_id = 4 with stochatstic=False and noisy=False finished training in 15:58:10 2020-12-03
problem_id = 4 with stochatstic=False and noisy=True finished training in 15:58:11 2020-12-03
problem_id = 4 with stochatstic=True and noisy=False finished training in 15:58:12 2020-12-03
problem_id = 4 with stochatstic=True and noisy=True finished training in 15:58:13 2020-12-03
problem_id = 5 with stochatstic=False and noisy=False finished training in 15:58:14 2020-12-03
problem_id = 5 with stochatstic=False and noisy=True finished training in 15:58:15 2020-12-03
problem_id = 5 with stochatstic=True and noisy=False finished training in 15:58:16 2020-12-03
problem_id = 5 with stochatstic=True and noisy=True finished training in 15:58:18 2020-12-03
problem_id = 6 with stochatstic=False and noisy=False finished training in 15:58:19 2020-12-03
problem_id = 6 with stochatstic=False and noisy=True finished training in 15:58:20 2020-12-03
problem_id = 6 with stochatstic=True and noisy=False finished training in 15:58:21 2020-12-03
problem_id = 6 with stochatstic=True and noisy=True finished training in 15:58:22 2020-12-03
problem_id = 7 with stochatstic=False and noisy=False finished training in 15:58:23 2020-12-03
problem_id = 7 with stochatstic=False and noisy=True finished training in 15:58:24 2020-12-03
problem_id = 7 with stochatstic=True and noisy=False finished training in 15:58:25 2020-12-03
problem_id = 7 with stochatstic=True and noisy=True finished training in 15:58:26 2020-12-03
problem_id = 8 with stochatstic=False and noisy=False finished training in 15:58:27 2020-12-03
problem_id = 8 with stochatstic=False and noisy=True finished training in 15:58:28 2020-12-03
problem_id = 8 with stochatstic=True and noisy=False finished training in 15:58:29 2020-12-03
problem_id = 8 with stochatstic=True and noisy=True finished training in 15:58:30 2020-12-03
problem_id = 9 with stochatstic=False and noisy=False finished training in 15:58:31 2020-12-03
problem_id = 9 with stochatstic=False and noisy=True finished training in 15:58:32 2020-12-03
problem_id = 9 with stochatstic=True and noisy=False finished training in 15:58:34 2020-12-03
problem_id = 9 with stochatstic=True and noisy=True finished training in 15:58:35 2020-12-03
